2019-11-29 14:16:47,978 [Worker-1: Loading available Gradle versions] INFO  o.e.b.c.i.u.g.PublishedGradleVersions - Gradle version information cache is up-to-date. Trying to read.
2019-11-29 14:18:39,376 [Worker-1: Updating Maven Dependencies] INFO  o.e.m.c.i.l.LifecycleMappingFactory - Using org.maven.ide.eclipse.wtp.WarLifecycleMapping lifecycle mapping for MavenProject: DronesCrashNBurn:DronesCrashNBurn:0.0.1-SNAPSHOT @ C:\Users\bernard.siegel\projects\eclipse-workspace-ph2git\DronesCrashNBurn\pom.xml.
2019-11-29 14:18:39,376 [Worker-16: Building workspace] INFO  o.e.m.c.i.l.LifecycleMappingFactory - Using org.maven.ide.eclipse.wtp.WarLifecycleMapping lifecycle mapping for MavenProject: DronesCrashNBurn:DronesCrashNBurn:0.0.1-SNAPSHOT @ C:\Users\bernard.siegel\projects\eclipse-workspace-ph2git\DronesCrashNBurn\pom.xml.
2019-11-29 14:18:42,890 [Worker-16: Building workspace] INFO  o.e.m.c.i.embedder.EclipseLogger - Using 'UTF-8' encoding to copy filtered resources.
2019-11-29 14:18:42,890 [Worker-16: Building workspace] INFO  o.e.m.c.i.embedder.EclipseLogger - skip non existing resourceDirectory C:\Users\bernard.siegel\projects\eclipse-workspace-ph2git\DronesCrashNBurn\src\main\resources
2019-11-29 14:18:42,892 [Worker-16: Building workspace] INFO  o.e.m.c.i.embedder.EclipseLogger - Using 'UTF-8' encoding to copy filtered resources.
2019-11-29 14:18:42,892 [Worker-16: Building workspace] INFO  o.e.m.c.i.embedder.EclipseLogger - skip non existing resourceDirectory C:\Users\bernard.siegel\projects\eclipse-workspace-ph2git\DronesCrashNBurn\src\test\resources
2019-11-29 14:18:44,873 [Worker-19: Updating Maven Dependencies] INFO  o.e.m.c.i.l.LifecycleMappingFactory - Using org.maven.ide.eclipse.wtp.WarLifecycleMapping lifecycle mapping for MavenProject: DronesCrashNBurn:DronesCrashNBurn:0.0.1-SNAPSHOT @ C:\Users\bernard.siegel\projects\eclipse-workspace-ph2git\DronesCrashNBurn\pom.xml.
2019-11-29 14:18:44,887 [Worker-20: Building workspace] INFO  o.e.m.c.i.embedder.EclipseLogger - Using 'UTF-8' encoding to copy filtered resources.
2019-11-29 14:18:44,888 [Worker-20: Building workspace] INFO  o.e.m.c.i.embedder.EclipseLogger - skip non existing resourceDirectory C:\Users\bernard.siegel\projects\eclipse-workspace-ph2git\DronesCrashNBurn\src\main\resources
2019-11-29 14:18:44,890 [Worker-20: Building workspace] INFO  o.e.m.c.i.embedder.EclipseLogger - Using 'UTF-8' encoding to copy filtered resources.
2019-11-29 14:18:44,891 [Worker-20: Building workspace] INFO  o.e.m.c.i.embedder.EclipseLogger - skip non existing resourceDirectory C:\Users\bernard.siegel\projects\eclipse-workspace-ph2git\DronesCrashNBurn\src\test\resources
2019-11-29 14:18:46,012 [Worker-18: Building workspace] INFO  o.e.m.c.i.embedder.EclipseLogger - Using 'UTF-8' encoding to copy filtered resources.
2019-11-29 14:18:46,012 [Worker-18: Building workspace] INFO  o.e.m.c.i.embedder.EclipseLogger - skip non existing resourceDirectory C:\Users\bernard.siegel\projects\eclipse-workspace-ph2git\DronesCrashNBurn\src\main\resources
2019-11-29 14:18:46,013 [Worker-18: Building workspace] INFO  o.e.m.c.i.embedder.EclipseLogger - Using 'UTF-8' encoding to copy filtered resources.
2019-11-29 14:18:46,013 [Worker-18: Building workspace] INFO  o.e.m.c.i.embedder.EclipseLogger - skip non existing resourceDirectory C:\Users\bernard.siegel\projects\eclipse-workspace-ph2git\DronesCrashNBurn\src\test\resources
2019-11-29 14:23:59,267 [Worker-15: Building workspace] INFO  o.e.m.c.i.embedder.EclipseLogger - Using 'UTF-8' encoding to copy filtered resources.
2019-11-29 14:23:59,267 [Worker-15: Building workspace] INFO  o.e.m.c.i.embedder.EclipseLogger - skip non existing resourceDirectory C:\Users\bernard.siegel\projects\eclipse-workspace-ph2git\DronesCrashNBurn\src\main\resources
2019-11-29 14:23:59,268 [Worker-15: Building workspace] INFO  o.e.m.c.i.embedder.EclipseLogger - Using 'UTF-8' encoding to copy filtered resources.
2019-11-29 14:23:59,268 [Worker-15: Building workspace] INFO  o.e.m.c.i.embedder.EclipseLogger - skip non existing resourceDirectory C:\Users\bernard.siegel\projects\eclipse-workspace-ph2git\DronesCrashNBurn\src\test\resources
2019-11-29 14:24:08,758 [Worker-28: Building workspace] INFO  o.e.m.c.i.embedder.EclipseLogger - Using 'UTF-8' encoding to copy filtered resources.
2019-11-29 14:24:08,760 [Worker-28: Building workspace] INFO  o.e.m.c.i.embedder.EclipseLogger - skip non existing resourceDirectory C:\Users\bernard.siegel\projects\eclipse-workspace-ph2git\DronesCrashNBurn\src\main\resources
2019-11-29 14:24:08,764 [Worker-28: Building workspace] INFO  o.e.m.c.i.embedder.EclipseLogger - Using 'UTF-8' encoding to copy filtered resources.
2019-11-29 14:24:08,765 [Worker-28: Building workspace] INFO  o.e.m.c.i.embedder.EclipseLogger - skip non existing resourceDirectory C:\Users\bernard.siegel\projects\eclipse-workspace-ph2git\DronesCrashNBurn\src\test\resources
2019-11-29 14:28:31,907 [Worker-30: Building workspace] INFO  o.e.m.c.i.embedder.EclipseLogger - Using 'UTF-8' encoding to copy filtered resources.
2019-11-29 14:28:31,907 [Worker-30: Building workspace] INFO  o.e.m.c.i.embedder.EclipseLogger - skip non existing resourceDirectory C:\Users\bernard.siegel\projects\eclipse-workspace-ph2git\DronesCrashNBurn\src\main\resources
2019-11-29 14:28:31,909 [Worker-30: Building workspace] INFO  o.e.m.c.i.embedder.EclipseLogger - Using 'UTF-8' encoding to copy filtered resources.
2019-11-29 14:28:31,909 [Worker-30: Building workspace] INFO  o.e.m.c.i.embedder.EclipseLogger - skip non existing resourceDirectory C:\Users\bernard.siegel\projects\eclipse-workspace-ph2git\DronesCrashNBurn\src\test\resources
2019-11-29 14:29:05,042 [Worker-29: Building workspace] INFO  o.e.m.c.i.embedder.EclipseLogger - Using 'UTF-8' encoding to copy filtered resources.
2019-11-29 14:29:05,043 [Worker-29: Building workspace] INFO  o.e.m.c.i.embedder.EclipseLogger - skip non existing resourceDirectory C:\Users\bernard.siegel\projects\eclipse-workspace-ph2git\DronesCrashNBurn\src\main\resources
2019-11-29 14:29:05,045 [Worker-29: Building workspace] INFO  o.e.m.c.i.embedder.EclipseLogger - Using 'UTF-8' encoding to copy filtered resources.
2019-11-29 14:29:05,045 [Worker-29: Building workspace] INFO  o.e.m.c.i.embedder.EclipseLogger - skip non existing resourceDirectory C:\Users\bernard.siegel\projects\eclipse-workspace-ph2git\DronesCrashNBurn\src\test\resources
2019-11-29 14:29:38,786 [Worker-29: Building workspace] INFO  o.e.m.c.i.embedder.EclipseLogger - Using 'UTF-8' encoding to copy filtered resources.
2019-11-29 14:29:38,786 [Worker-29: Building workspace] INFO  o.e.m.c.i.embedder.EclipseLogger - skip non existing resourceDirectory C:\Users\bernard.siegel\projects\eclipse-workspace-ph2git\DronesCrashNBurn\src\main\resources
2019-11-29 14:29:38,797 [Worker-29: Building workspace] INFO  o.e.m.c.i.embedder.EclipseLogger - Using 'UTF-8' encoding to copy filtered resources.
2019-11-29 14:29:38,797 [Worker-29: Building workspace] INFO  o.e.m.c.i.embedder.EclipseLogger - skip non existing resourceDirectory C:\Users\bernard.siegel\projects\eclipse-workspace-ph2git\DronesCrashNBurn\src\test\resources
2019-11-29 14:30:45,972 [Worker-34: Updating Maven Project] INFO  o.e.m.c.i.p.ProjectConfigurationManager - Update started
2019-11-29 14:30:48,880 [Worker-34: Updating Maven Project] INFO  o.e.m.c.i.l.LifecycleMappingFactory - Using org.maven.ide.eclipse.wtp.WarLifecycleMapping lifecycle mapping for MavenProject: DronesCrashNBurn:DronesCrashNBurn:0.0.1-SNAPSHOT @ C:\Users\bernard.siegel\projects\eclipse-workspace-ph2git\DronesCrashNBurn\pom.xml.
2019-11-29 14:30:51,082 [Worker-34: Updating Maven Project] INFO  o.e.m.j.i.AbstractJavaProjectConfigurator - Adding source folder /DronesCrashNBurn/src
2019-11-29 14:30:51,083 [Worker-34: Updating Maven Project] INFO  o.e.m.j.i.AbstractJavaProjectConfigurator - Not adding source folder /DronesCrashNBurn/src/test/java because it overlaps with /DronesCrashNBurn/src
2019-11-29 14:30:51,514 [Worker-34: Updating Maven Project] INFO  o.e.m.w.i.f.ResourceFilteringBuildParticipant - Cleaning filtered folder for DronesCrashNBurn
2019-11-29 14:30:51,519 [Worker-34: Updating Maven Project] INFO  o.e.m.c.i.p.ProjectConfigurationManager - Update completed: 5 sec
2019-11-29 14:30:51,836 [Worker-27: Building workspace] INFO  o.e.m.c.i.embedder.EclipseLogger - Using 'UTF-8' encoding to copy filtered resources.
2019-11-29 14:30:51,837 [Worker-27: Building workspace] INFO  o.e.m.c.i.embedder.EclipseLogger - skip non existing resourceDirectory C:\Users\bernard.siegel\projects\eclipse-workspace-ph2git\DronesCrashNBurn\src\main\resources
2019-11-29 14:30:51,839 [Worker-27: Building workspace] INFO  o.e.m.c.i.embedder.EclipseLogger - Using 'UTF-8' encoding to copy filtered resources.
2019-11-29 14:30:51,840 [Worker-27: Building workspace] INFO  o.e.m.c.i.embedder.EclipseLogger - skip non existing resourceDirectory C:\Users\bernard.siegel\projects\eclipse-workspace-ph2git\DronesCrashNBurn\src\test\resources
2019-11-29 14:30:51,841 [Worker-27: Building workspace] INFO  o.e.m.w.i.f.ResourceFilteringBuildParticipant - Changed resources require a complete clean of filtered resources of DronesCrashNBurn
2019-11-29 14:30:51,842 [Worker-27: Building workspace] INFO  o.e.m.w.i.f.ResourceFilteringBuildParticipant - Executing resource filtering for DronesCrashNBurn
2019-11-29 14:30:51,873 [Worker-27: Building workspace] INFO  o.e.m.c.i.embedder.EclipseLogger - Using 'UTF-8' encoding to copy filtered resources.
2019-11-29 14:30:57,468 [Worker-29: Launching Executing install in C__Users_bernard.siegel_projects_eclipse-workspace-ph2git_DronesCrashNBurn] INFO  o.e.m.i.launch.MavenLaunchDelegate - C:\Users\bernard.siegel\projects\eclipse-workspace-ph2git\DronesCrashNBurn
2019-11-29 14:30:57,469 [Worker-29: Launching Executing install in C__Users_bernard.siegel_projects_eclipse-workspace-ph2git_DronesCrashNBurn] INFO  o.e.m.i.launch.MavenLaunchDelegate -  mvn -B install
2019-11-29 14:31:02,969 [Worker-29: Building workspace] INFO  o.e.m.c.i.embedder.EclipseLogger - Using 'UTF-8' encoding to copy filtered resources.
2019-11-29 14:31:02,969 [Worker-29: Building workspace] INFO  o.e.m.c.i.embedder.EclipseLogger - skip non existing resourceDirectory C:\Users\bernard.siegel\projects\eclipse-workspace-ph2git\DronesCrashNBurn\src\main\resources
2019-11-29 14:31:02,970 [Worker-29: Building workspace] INFO  o.e.m.c.i.embedder.EclipseLogger - Using 'UTF-8' encoding to copy filtered resources.
2019-11-29 14:31:02,970 [Worker-29: Building workspace] INFO  o.e.m.c.i.embedder.EclipseLogger - skip non existing resourceDirectory C:\Users\bernard.siegel\projects\eclipse-workspace-ph2git\DronesCrashNBurn\src\test\resources
2019-11-29 14:34:03,701 [Worker-27: Building workspace] INFO  o.e.m.c.i.embedder.EclipseLogger - Using 'UTF-8' encoding to copy filtered resources.
2019-11-29 14:34:03,702 [Worker-27: Building workspace] INFO  o.e.m.c.i.embedder.EclipseLogger - skip non existing resourceDirectory C:\Users\bernard.siegel\projects\eclipse-workspace-ph2git\DronesCrashNBurn\src\main\resources
2019-11-29 14:34:03,703 [Worker-27: Building workspace] INFO  o.e.m.c.i.embedder.EclipseLogger - Using 'UTF-8' encoding to copy filtered resources.
2019-11-29 14:34:03,704 [Worker-27: Building workspace] INFO  o.e.m.c.i.embedder.EclipseLogger - skip non existing resourceDirectory C:\Users\bernard.siegel\projects\eclipse-workspace-ph2git\DronesCrashNBurn\src\test\resources
2019-11-29 14:34:10,009 [Worker-36: Building workspace] INFO  o.e.m.c.i.embedder.EclipseLogger - Using 'UTF-8' encoding to copy filtered resources.
2019-11-29 14:34:10,010 [Worker-36: Building workspace] INFO  o.e.m.c.i.embedder.EclipseLogger - skip non existing resourceDirectory C:\Users\bernard.siegel\projects\eclipse-workspace-ph2git\DronesCrashNBurn\src\main\resources
2019-11-29 14:34:10,012 [Worker-36: Building workspace] INFO  o.e.m.c.i.embedder.EclipseLogger - Using 'UTF-8' encoding to copy filtered resources.
2019-11-29 14:34:10,014 [Worker-36: Building workspace] INFO  o.e.m.c.i.embedder.EclipseLogger - skip non existing resourceDirectory C:\Users\bernard.siegel\projects\eclipse-workspace-ph2git\DronesCrashNBurn\src\test\resources
